<?xml version="1.0" encoding="UTF-8"?>
<!-- Generated by org.testng.reporters.JUnitXMLReporter -->
<testsuite ignored="0" hostname="dsk-i5-7500-32g-mj-difference-engine" failures="4" tests="6" name="Surefire test" time="0.039" errors="0" timestamp="2022-01-24T17:38:19 SAMT">
  <testcase classname="PersonTest" name="testAge" time="0.007">
    <failure type="java.lang.AssertionError" message="expected [false] but found [true]">
      <![CDATA[java.lang.AssertionError: expected [false] but found [true]
at PersonTest.testAge(PersonTest.java:24)
at java.base/java.util.ArrayList.forEach(ArrayList.java:1511)
... Removed 37 stack frames]]>
    </failure>
  </testcase> <!-- testAge -->
  <testcase classname="PersonTest" name="testAge" time="0.001">
    <failure type="java.lang.AssertionError" message="expected [false] but found [true]">
      <![CDATA[java.lang.AssertionError: expected [false] but found [true]
at PersonTest.testAge(PersonTest.java:24)
at java.base/java.util.ArrayList.forEach(ArrayList.java:1511)
... Removed 37 stack frames]]>
    </failure>
  </testcase> <!-- testAge -->
  <testcase classname="PersonTest" name="testAge" time="0.0">
    <failure type="java.lang.AssertionError" message="expected [false] but found [true]">
      <![CDATA[java.lang.AssertionError: expected [false] but found [true]
at PersonTest.testAge(PersonTest.java:24)
at java.base/java.util.ArrayList.forEach(ArrayList.java:1511)
... Removed 37 stack frames]]>
    </failure>
  </testcase> <!-- testAge -->
  <testcase classname="PersonTest" name="testAge" time="0.0"/>
  <testcase classname="PersonTest" name="testAge" time="0.001">
    <failure type="java.lang.AssertionError" message="expected [true] but found [false]">
      <![CDATA[java.lang.AssertionError: expected [true] but found [false]
at PersonTest.testAge(PersonTest.java:24)
at java.base/java.util.ArrayList.forEach(ArrayList.java:1511)
... Removed 37 stack frames]]>
    </failure>
  </testcase> <!-- testAge -->
  <testcase classname="PersonTest" name="testAge" time="0.0"/>
</testsuite> <!-- Surefire test -->
